#
# A fatal error has been detected by the Java Runtime Environment:
#
#  SIGSEGV (0xb) at pc=0x00000001062c037e, pid=1515, tid=10243
#
# JRE version: Java(TM) SE Runtime Environment (8.0_65-b17) (build 1.8.0_65-b17)
# Java VM: Java HotSpot(TM) 64-Bit Server VM (25.65-b01 mixed mode bsd-amd64 compressed oops)
# Problematic frame:
# V  [libjvm.dylib+0x2c037e]
#
# Failed to write core dump. Core dumps have been disabled. To enable core dumping, try "ulimit -c unlimited" before starting Java again
#
# If you would like to submit a bug report, please visit:
#   http://bugreport.java.com/bugreport/crash.jsp
#

---------------  T H R E A D  ---------------

Current thread (0x00007fa762811000):  GCTaskThread [stack: 0x0000700000423000,0x0000700000523000] [id=10243]

siginfo: si_signo: 11 (SIGSEGV), si_code: 0 (unknown), si_addr: 0x0000000000000000

Registers:
RAX=0x00000001170a0000, RBX=0x00007fa76260de50, RCX=0x03ffffffe6000000, RDX=0x1fffffff30000000
RSP=0x0000700000522c00, RBP=0x0000700000522c20, RSI=0x00000006c04f4434, RDI=0x00007fa76260de50
R8 =0x0000000000000009, R9 =0x00000000000093d4, R10=0x0000000000000001, R11=0x0040000000000000
R12=0x0000000000000003, R13=0x00000006c04f4434, R14=0x0000000040000000, R15=0x00007fa76260de50
RIP=0x00000001062c037e, EFLAGS=0x0000000000010206, ERR=0x0000000000000000
  TRAPNO=0x000000000000000d

Top of Stack: (sp=0x0000700000522c00)
0x0000700000522c00:   0000000000000000 00000006c04f4418
0x0000700000522c10:   0000000000000022 00007fa76260de50
0x0000700000522c20:   0000700000522c90 0000000106472c88
0x0000700000522c30:   0000000000000022 00007fa76260de50
0x0000700000522c40:   0000700000522c70 00000001062c03bb
0x0000700000522c50:   0000700000522cc0 00007fa76260de50
0x0000700000522c60:   00000007c008ecd0 00000006c04f4418
0x0000700000522c70:   00000006c04f4418 00000001068308d0
0x0000700000522c80:   00007fa76260de50 00000007c008f098
0x0000700000522c90:   0000700000522cc0 000000010647202c
0x0000700000522ca0:   00000006c281c7c8 00007fa76260de50
0x0000700000522cb0:   00007fa76260de58 00000001068308d0
0x0000700000522cc0:   0000700000522d50 00000001064b4532
0x0000700000522cd0:   0000700000522d00 00007fa76260de90
0x0000700000522ce0:   00007fa76260ded8 00007fa76260df10
0x0000700000522cf0:   00000007c0058bb0 00000007c0058bb8
0x0000700000522d00:   00000006c04f4418 00000001062bceed
0x0000700000522d10:   0000700000522d50 00000006c3c69608
0x0000700000522d20:   0000000000000000 0000000000000002
0x0000700000522d30:   0000700000522d80 00000001068308d0
0x0000700000522d40:   00007fa76260de50 0000700000522d6c
0x0000700000522d50:   0000700000522db0 00000001064a6f23
0x0000700000522d60:   00007fa7652a3130 6759921706273e73
0x0000700000522d70:   00000007a6de0738 0000000000012a00
0x0000700000522d80:   00000006c3c69608 00007fa762811000
0x0000700000522d90:   0000000000000000 000000010660778b
0x0000700000522da0:   00007fa7652a3130 0000000000000001
0x0000700000522db0:   0000700000522e90 00000001062743eb
0x0000700000522dc0:   0000700000522df0 00007fa762521090
0x0000700000522dd0:   00007fa7625210c0 00007fa7625210d0
0x0000700000522de0:   00007fa7625214a8 00000000000003d8
0x0000700000522df0:   00007fa762811000 00007fa7625214b0 

Instructions: (pc=0x00000001062c037e)
0x00000001062c035e:   10 48 c1 ea 03 48 8d 0d 6e 4e 55 00 8a 09 48 d3
0x00000001062c036e:   ea 48 89 d1 48 83 e1 c0 48 c1 e9 03 48 8b 40 30
0x00000001062c037e:   48 8b 04 08 48 0f a3 d0 72 5d 4c 89 f7 e8 0c 86
0x00000001062c038e:   ee ff 4c 63 f8 48 8d 3d 86 ea 61 00 4c 89 f6 4c 

Register to memory mapping:

RAX=0x00000001170a0000 is an unknown value
RBX=0x00007fa76260de50 is an unknown value
RCX=0x03ffffffe6000000 is an unknown value
RDX=0x1fffffff30000000 is an unknown value
RSP=0x0000700000522c00 is an unknown value
RBP=0x0000700000522c20 is an unknown value
RSI=0x00000006c04f4434 is pointing into object: 0x00000006c04f4418
[Lcom.android.dx.dex.code.CodeAddress; 
 - klass: 'com/android/dx/dex/code/CodeAddress'[]
 - length: 34
RDI=0x00007fa76260de50 is an unknown value
R8 =0x0000000000000009 is an unknown value
R9 =0x00000000000093d4 is an unknown value
R10=0x0000000000000001 is an unknown value
R11=0x0040000000000000 is an unknown value
R12=0x0000000000000003 is an unknown value
R13=0x00000006c04f4434 is pointing into object: 0x00000006c04f4418
[Lcom.android.dx.dex.code.CodeAddress; 
 - klass: 'com/android/dx/dex/code/CodeAddress'[]
 - length: 34
R14=0x0000000040000000 is an unknown value
R15=0x00007fa76260de50 is an unknown value


Stack: [0x0000700000423000,0x0000700000523000],  sp=0x0000700000522c00,  free space=1023k
Native frames: (J=compiled Java code, j=interpreted, Vv=VM code, C=native code)
V  [libjvm.dylib+0x2c037e]
V  [libjvm.dylib+0x472c88]
V  [libjvm.dylib+0x47202c]
V  [libjvm.dylib+0x4b4532]
V  [libjvm.dylib+0x4a6f23]
V  [libjvm.dylib+0x2743eb]
V  [libjvm.dylib+0x48342e]
C  [libsystem_pthread.dylib+0x39b1]  _pthread_body+0x83
C  [libsystem_pthread.dylib+0x392e]  _pthread_body+0x0
C  [libsystem_pthread.dylib+0x1385]  thread_start+0xd


---------------  P R O C E S S  ---------------

Java Threads: ( => current thread )
  0x00007fa762ad1800 JavaThread "pool-2-thread-4" [_thread_blocked, id=24579, stack(0x00007000019e8000,0x0000700001ae8000)]
  0x00007fa762ad0800 JavaThread "pool-2-thread-3" [_thread_blocked, id=24067, stack(0x00007000018e5000,0x00007000019e5000)]
  0x00007fa762975000 JavaThread "pool-2-thread-2" [_thread_blocked, id=23555, stack(0x00007000017e2000,0x00007000018e2000)]
  0x00007fa765004000 JavaThread "pool-3-thread-1" [_thread_blocked, id=23043, stack(0x00007000016df000,0x00007000017df000)]
  0x00007fa7649c2000 JavaThread "pool-2-thread-1" [_thread_blocked, id=22531, stack(0x00007000015dc000,0x00007000016dc000)]
  0x00007fa76481b800 JavaThread "Service Thread" daemon [_thread_blocked, id=21507, stack(0x00007000013d6000,0x00007000014d6000)]
  0x00007fa763038800 JavaThread "C1 CompilerThread3" daemon [_thread_blocked, id=20995, stack(0x00007000012d3000,0x00007000013d3000)]
  0x00007fa763001000 JavaThread "C2 CompilerThread2" daemon [_thread_in_native, id=20483, stack(0x00007000011d0000,0x00007000012d0000)]
  0x00007fa764807000 JavaThread "C2 CompilerThread1" daemon [_thread_blocked, id=19971, stack(0x00007000010cd000,0x00007000011cd000)]
  0x00007fa76283e800 JavaThread "C2 CompilerThread0" daemon [_thread_blocked, id=19459, stack(0x0000700000fca000,0x00007000010ca000)]
  0x00007fa763838800 JavaThread "Signal Dispatcher" daemon [_thread_blocked, id=18707, stack(0x0000700000ec7000,0x0000700000fc7000)]
  0x00007fa76283c000 JavaThread "Finalizer" daemon [_thread_blocked, id=14339, stack(0x0000700000c3b000,0x0000700000d3b000)]
  0x00007fa76283b000 JavaThread "Reference Handler" daemon [_thread_blocked, id=13827, stack(0x0000700000b38000,0x0000700000c38000)]
  0x00007fa763802000 JavaThread "main" [_thread_blocked, id=5891, stack(0x000070000011a000,0x000070000021a000)]

Other Threads:
  0x00007fa76381f000 VMThread [stack: 0x0000700000a35000,0x0000700000b35000] [id=13315]
  0x00007fa764808000 WatcherThread [stack: 0x00007000014d9000,0x00007000015d9000] [id=22019]

=>0x00007fa762811000 (exited) GCTaskThread [stack: 0x0000700000423000,0x0000700000523000] [id=10243]

VM state:at safepoint (normal execution)

VM Mutex/Monitor currently owned by a thread:  ([mutex/lock_event])
[0x00007fa76251e630] Threads_lock - owner thread: 0x00007fa76381f000
[0x00007fa76251eb30] Heap_lock - owner thread: 0x00007fa762ad0800

Heap:
 PSYoungGen      total 870912K, used 115169K [0x000000076ab00000, 0x00000007ad400000, 0x00000007c0000000)
  eden space 755712K, 0% used [0x000000076ab00000,0x000000076ab00000,0x0000000798d00000)
  from space 115200K, 99% used [0x00000007a1f80000,0x00000007a8ff8758,0x00000007a9000000)
  to   space 150016K, 0% used [0x0000000798d00000,0x0000000798d00000,0x00000007a1f80000)
 ParOldGen       total 175104K, used 172095K [0x00000006c0000000, 0x00000006cab00000, 0x000000076ab00000)
  object space 175104K, 98% used [0x00000006c0000000,0x00000006ca80fc70,0x00000006cab00000)
 Metaspace       used 6643K, capacity 7320K, committed 7680K, reserved 1056768K
  class space    used 620K, capacity 656K, committed 768K, reserved 1048576K

Card table byte_map: [0x0000000116349000,0x0000000116b4a000] byte_map_base: 0x0000000112d49000

Marking Bits: (ParMarkBitMap*) 0x00000001068dee20
 Begin Bits: [0x00000001170a0000, 0x000000011b0a0000)
 End Bits:   [0x000000011b0a0000, 0x000000011f0a0000)

Polling page: 0x0000000104e55000

CodeCache: size=245760Kb used=10704Kb max_used=10704Kb free=235055Kb
 bounds [0x0000000106f89000, 0x0000000107a19000, 0x0000000115f89000]
 total_blobs=2800 nmethods=2530 adapters=183
 compilation: enabled

Compilation events (10 events):
Event: 4.016 Thread 0x00007fa763001000 nmethod 2681 0x00000001079dbfd0 code [0x00000001079dc140, 0x00000001079dc5c8]
Event: 4.016 Thread 0x00007fa763001000 2693       4       com.android.dx.ssa.SsaMethod::convertRopToSsaBlocks (103 bytes)
Event: 4.035 Thread 0x00007fa763038800 2737 % !   3       com.android.dx.dex.cf.CfTranslator::processFields @ 23 (251 bytes)
Event: 4.039 Thread 0x00007fa763038800 nmethod 2737% 0x00000001079ec690 code [0x00000001079ecba0, 0x00000001079f0108]
Event: 4.039 Thread 0x00007fa763038800 2738       2       com.android.dx.rop.code.BasicBlockList$RegCountVisitor::visitFillArrayDataInsn (6 bytes)
Event: 4.039 Thread 0x00007fa763038800 nmethod 2738 0x00000001079c5350 code [0x00000001079c54c0, 0x00000001079c5628]
Event: 4.039 Thread 0x00007fa763038800 2739       1       com.android.dx.rop.code.FillArrayDataInsn::getConstant (5 bytes)
Event: 4.039 Thread 0x00007fa763038800 nmethod 2739 0x000000010798bb90 code [0x000000010798bce0, 0x000000010798bdf0]
Event: 4.039 Thread 0x00007fa763038800 2740       1       com.android.dx.rop.code.FillArrayDataInsn::getInitValues (5 bytes)
Event: 4.039 Thread 0x00007fa763038800 nmethod 2740 0x00000001079dbd10 code [0x00000001079dbe60, 0x00000001079dbf70]

GC Heap History (10 events):
Event: 1.683 GC heap after
Heap after GC invocations=6 (full 0):
 PSYoungGen      total 295936K, used 28652K [0x000000076ab00000, 0x000000077fb00000, 0x00000007c0000000)
  eden space 258560K, 0% used [0x000000076ab00000,0x000000076ab00000,0x000000077a780000)
  from space 37376K, 76% used [0x000000077cf80000,0x000000077eb7b320,0x000000077f400000)
  to   space 40960K, 0% used [0x000000077a780000,0x000000077a780000,0x000000077cf80000)
 ParOldGen       total 175104K, used 38570K [0x00000006c0000000, 0x00000006cab00000, 0x000000076ab00000)
  object space 175104K, 22% used [0x00000006c0000000,0x00000006c25aaa08,0x00000006cab00000)
 Metaspace       used 6412K, capacity 7192K, committed 7424K, reserved 1056768K
  class space    used 618K, capacity 656K, committed 768K, reserved 1048576K
}
Event: 2.126 GC heap before
{Heap before GC invocations=7 (full 0):
 PSYoungGen      total 295936K, used 287212K [0x000000076ab00000, 0x000000077fb00000, 0x00000007c0000000)
  eden space 258560K, 100% used [0x000000076ab00000,0x000000077a780000,0x000000077a780000)
  from space 37376K, 76% used [0x000000077cf80000,0x000000077eb7b320,0x000000077f400000)
  to   space 40960K, 0% used [0x000000077a780000,0x000000077a780000,0x000000077cf80000)
 ParOldGen       total 175104K, used 38570K [0x00000006c0000000, 0x00000006cab00000, 0x000000076ab00000)
  object space 175104K, 22% used [0x00000006c0000000,0x00000006c25aaa08,0x00000006cab00000)
 Metaspace       used 6535K, capacity 7256K, committed 7424K, reserved 1056768K
  class space    used 618K, capacity 656K, committed 768K, reserved 1048576K
Event: 2.183 GC heap after
Heap after GC invocations=7 (full 0):
 PSYoungGen      total 299520K, used 40933K [0x000000076ab00000, 0x0000000791900000, 0x00000007c0000000)
  eden space 258560K, 0% used [0x000000076ab00000,0x000000076ab00000,0x000000077a780000)
  from space 40960K, 99% used [0x000000077a780000,0x000000077cf797b8,0x000000077cf80000)
  to   space 59904K, 0% used [0x000000078de80000,0x000000078de80000,0x0000000791900000)
 ParOldGen       total 175104K, used 60709K [0x00000006c0000000, 0x00000006cab00000, 0x000000076ab00000)
  object space 175104K, 34% used [0x00000006c0000000,0x00000006c3b49520,0x00000006cab00000)
 Metaspace       used 6535K, capacity 7256K, committed 7424K, reserved 1056768K
  class space    used 618K, capacity 656K, committed 768K, reserved 1048576K
}
Event: 2.539 GC heap before
{Heap before GC invocations=8 (full 0):
 PSYoungGen      total 299520K, used 299493K [0x000000076ab00000, 0x0000000791900000, 0x00000007c0000000)
  eden space 258560K, 100% used [0x000000076ab00000,0x000000077a780000,0x000000077a780000)
  from space 40960K, 99% used [0x000000077a780000,0x000000077cf797b8,0x000000077cf80000)
  to   space 59904K, 0% used [0x000000078de80000,0x000000078de80000,0x0000000791900000)
 ParOldGen       total 175104K, used 60709K [0x00000006c0000000, 0x00000006cab00000, 0x000000076ab00000)
  object space 175104K, 34% used [0x00000006c0000000,0x00000006c3b49520,0x00000006cab00000)
 Metaspace       used 6587K, capacity 7320K, committed 7680K, reserved 1056768K
  class space    used 618K, capacity 656K, committed 768K, reserved 1048576K
Event: 2.611 GC heap after
Heap after GC invocations=8 (full 0):
 PSYoungGen      total 553984K, used 59881K [0x000000076ab00000, 0x0000000794600000, 0x00000007c0000000)
  eden space 494080K, 0% used [0x000000076ab00000,0x000000076ab00000,0x0000000788d80000)
  from space 59904K, 99% used [0x000000078de80000,0x00000007918fa5e8,0x0000000791900000)
  to   space 82944K, 0% used [0x0000000788d80000,0x0000000788d80000,0x000000078de80000)
 ParOldGen       total 175104K, used 87406K [0x00000006c0000000, 0x00000006cab00000, 0x000000076ab00000)
  object space 175104K, 49% used [0x00000006c0000000,0x00000006c555b988,0x00000006cab00000)
 Metaspace       used 6587K, capacity 7320K, committed 7680K, reserved 1056768K
  class space    used 618K, capacity 656K, committed 768K, reserved 1048576K
}
Event: 3.280 GC heap before
{Heap before GC invocations=9 (full 0):
 PSYoungGen      total 553984K, used 553961K [0x000000076ab00000, 0x0000000794600000, 0x00000007c0000000)
  eden space 494080K, 100% used [0x000000076ab00000,0x0000000788d80000,0x0000000788d80000)
  from space 59904K, 99% used [0x000000078de80000,0x00000007918fa5e8,0x0000000791900000)
  to   space 82944K, 0% used [0x0000000788d80000,0x0000000788d80000,0x000000078de80000)
 ParOldGen       total 175104K, used 87406K [0x00000006c0000000, 0x00000006cab00000, 0x000000076ab00000)
  object space 175104K, 49% used [0x00000006c0000000,0x00000006c555b988,0x00000006cab00000)
 Metaspace       used 6620K, capacity 7320K, committed 7680K, reserved 1056768K
  class space    used 619K, capacity 656K, committed 768K, reserved 1048576K
Event: 3.380 GC heap after
Heap after GC invocations=9 (full 0):
 PSYoungGen      total 577024K, used 82912K [0x000000076ab00000, 0x00000007a9000000, 0x00000007c0000000)
  eden space 494080K, 0% used [0x000000076ab00000,0x000000076ab00000,0x0000000788d80000)
  from space 82944K, 99% used [0x0000000788d80000,0x000000078de78048,0x000000078de80000)
  to   space 115200K, 0% used [0x00000007a1f80000,0x00000007a1f80000,0x00000007a9000000)
 ParOldGen       total 175104K, used 130847K [0x00000006c0000000, 0x00000006cab00000, 0x000000076ab00000)
  object space 175104K, 74% used [0x00000006c0000000,0x00000006c7fc7e18,0x00000006cab00000)
 Metaspace       used 6620K, capacity 7320K, committed 7680K, reserved 1056768K
  class space    used 619K, capacity 656K, committed 768K, reserved 1048576K
}
Event: 4.073 GC heap before
{Heap before GC invocations=10 (full 0):
 PSYoungGen      total 577024K, used 576992K [0x000000076ab00000, 0x00000007a9000000, 0x00000007c0000000)
  eden space 494080K, 100% used [0x000000076ab00000,0x0000000788d80000,0x0000000788d80000)
  from space 82944K, 99% used [0x0000000788d80000,0x000000078de78048,0x000000078de80000)
  to   space 115200K, 0% used [0x00000007a1f80000,0x00000007a1f80000,0x00000007a9000000)
 ParOldGen       total 175104K, used 130847K [0x00000006c0000000, 0x00000006cab00000, 0x000000076ab00000)
  object space 175104K, 74% used [0x00000006c0000000,0x00000006c7fc7e18,0x00000006cab00000)
 Metaspace       used 6643K, capacity 7320K, committed 7680K, reserved 1056768K
  class space    used 620K, capacity 656K, committed 768K, reserved 1048576K
Event: 4.197 GC heap after
Heap after GC invocations=10 (full 0):
 PSYoungGen      total 870912K, used 115169K [0x000000076ab00000, 0x00000007ad400000, 0x00000007c0000000)
  eden space 755712K, 0% used [0x000000076ab00000,0x000000076ab00000,0x0000000798d00000)
  from space 115200K, 99% used [0x00000007a1f80000,0x00000007a8ff8758,0x00000007a9000000)
  to   space 150016K, 0% used [0x0000000798d00000,0x0000000798d00000,0x00000007a1f80000)
 ParOldGen       total 175104K, used 172095K [0x00000006c0000000, 0x00000006cab00000, 0x000000076ab00000)
  object space 175104K, 98% used [0x00000006c0000000,0x00000006ca80fc70,0x00000006cab00000)
 Metaspace       used 6643K, capacity 7320K, committed 7680K, reserved 1056768K
  class space    used 620K, capacity 656K, committed 768K, reserved 1048576K
}
Event: 4.197 GC heap before
{Heap before GC invocations=11 (full 1):
 PSYoungGen      total 870912K, used 115169K [0x000000076ab00000, 0x00000007ad400000, 0x00000007c0000000)
  eden space 755712K, 0% used [0x000000076ab00000,0x000000076ab00000,0x0000000798d00000)
  from space 115200K, 99% used [0x00000007a1f80000,0x00000007a8ff8758,0x00000007a9000000)
  to   space 150016K, 0% used [0x0000000798d00000,0x0000000798d00000,0x00000007a1f80000)
 ParOldGen       total 175104K, used 172095K [0x00000006c0000000, 0x00000006cab00000, 0x000000076ab00000)
  object space 175104K, 98% used [0x00000006c0000000,0x00000006ca80fc70,0x00000006cab00000)
 Metaspace       used 6643K, capacity 7320K, committed 7680K, reserved 1056768K
  class space    used 620K, capacity 656K, committed 768K, reserved 1048576K

Deoptimization events (10 events):
Event: 2.840 Thread 0x00007fa7649c2000 Uncommon trap: reason=unstable_if action=reinterpret pc=0x00000001076ebd48 method=com.android.dx.ssa.SCCP.simulateBranch(Lcom/android/dx/ssa/SsaInsn;)V @ 548
Event: 2.876 Thread 0x00007fa762975000 Uncommon trap: reason=class_check action=maybe_recompile pc=0x00000001078d4998 method=com.android.dx.ssa.back.FirstFitLocalCombiningAllocator.findNextUnreservedRopReg(IILcom/android/dx/ssa/back/FirstFitLocalCombiningAllocator$Alignment;)I @ 60
Event: 3.029 Thread 0x00007fa762ad1800 Uncommon trap: reason=unstable_if action=reinterpret pc=0x00000001078d4838 method=com.android.dx.ssa.InterferenceRegisterMapper.interferes(III)Z @ 69
Event: 3.252 Thread 0x00007fa762ad1800 Uncommon trap: reason=bimorphic action=maybe_recompile pc=0x00000001075e9b70 method=com.android.dx.ssa.LiteralOpUpgrader.tryReplacingWithConstant(Lcom/android/dx/ssa/NormalSsaInsn;)Z @ 62
Event: 3.257 Thread 0x00007fa762ad1800 Uncommon trap: reason=bimorphic action=maybe_recompile pc=0x00000001075e9b70 method=com.android.dx.ssa.LiteralOpUpgrader.tryReplacingWithConstant(Lcom/android/dx/ssa/NormalSsaInsn;)Z @ 62
Event: 3.716 Thread 0x00007fa762ad0800 Uncommon trap: reason=unstable_if action=reinterpret pc=0x00000001079a4960 method=com.android.dx.rop.code.BasicBlockList.preferredSuccessorOf(Lcom/android/dx/rop/code/BasicBlock;)Lcom/android/dx/rop/code/BasicBlock; @ 58
Event: 3.718 Thread 0x00007fa762ad0800 Uncommon trap: reason=bimorphic action=maybe_recompile pc=0x00000001075e9b70 method=com.android.dx.ssa.LiteralOpUpgrader.tryReplacingWithConstant(Lcom/android/dx/ssa/NormalSsaInsn;)Z @ 62
Event: 3.735 Thread 0x00007fa762ad0800 Uncommon trap: reason=bimorphic action=maybe_recompile pc=0x00000001075e9b70 method=com.android.dx.ssa.LiteralOpUpgrader.tryReplacingWithConstant(Lcom/android/dx/ssa/NormalSsaInsn;)Z @ 62
Event: 3.991 Thread 0x00007fa7649c2000 Uncommon trap: reason=bimorphic action=maybe_recompile pc=0x000000010799416c method=com.android.dx.cf.code.BytecodeArray.parseInstruction(ILcom/android/dx/cf/code/BytecodeArray$Visitor;)I @ 2554
Event: 3.991 Thread 0x00007fa7649c2000 Uncommon trap: reason=bimorphic action=maybe_recompile pc=0x000000010799416c method=com.android.dx.cf.code.BytecodeArray.parseInstruction(ILcom/android/dx/cf/code/BytecodeArray$Visitor;)I @ 2554

Internal exceptions (10 events):
Event: 0.086 Thread 0x00007fa763802000 Exception <a 'java/security/PrivilegedActionException'> (0x000000076aba6878) thrown at [/Users/java_re/workspace/8-2-build-macosx-x86_64/jdk8u65/4987/hotspot/src/share/vm/prims/jvm.cpp, line 1386]
Event: 0.088 Thread 0x00007fa763802000 Exception <a 'java/util/zip/ZipException'> (0x000000076abb8280) thrown at [/Users/java_re/workspace/8-2-build-macosx-x86_64/jdk8u65/4987/hotspot/src/share/vm/prims/jni.cpp, line 709]
Event: 0.088 Thread 0x00007fa763802000 Exception <a 'java/security/PrivilegedActionException'> (0x000000076abb8488) thrown at [/Users/java_re/workspace/8-2-build-macosx-x86_64/jdk8u65/4987/hotspot/src/share/vm/prims/jvm.cpp, line 1386]
Event: 0.088 Thread 0x00007fa763802000 Exception <a 'java/security/PrivilegedActionException'> (0x000000076abb8698) thrown at [/Users/java_re/workspace/8-2-build-macosx-x86_64/jdk8u65/4987/hotspot/src/share/vm/prims/jvm.cpp, line 1386]
Event: 0.535 Thread 0x00007fa762ad0800 Implicit null exception at 0x00000001072a12a2 to 0x00000001072a139b
Event: 0.737 Thread 0x00007fa762975000 Implicit null exception at 0x00000001072d2baa to 0x00000001072d4591
Event: 0.835 Thread 0x00007fa762ad0800 Implicit null exception at 0x0000000107309786 to 0x0000000107309919
Event: 0.885 Thread 0x00007fa762975000 Exception <a 'java/lang/ArrayIndexOutOfBoundsException': 18> (0x000000076dbf2e88) thrown at [/Users/java_re/workspace/8-2-build-macosx-x86_64/jdk8u65/4987/hotspot/src/share/vm/interpreter/interpreterRuntime.cpp, line 366]
Event: 0.886 Thread 0x00007fa762975000 Exception <a 'java/lang/ArrayIndexOutOfBoundsException': 145> (0x000000076dbf4a08) thrown at [/Users/java_re/workspace/8-2-build-macosx-x86_64/jdk8u65/4987/hotspot/src/share/vm/interpreter/interpreterRuntime.cpp, line 366]
Event: 0.887 Thread 0x00007fa762975000 Exception <a 'java/lang/ArrayIndexOutOfBoundsException': 40> (0x000000076dbf5cf0) thrown at [/Users/java_re/workspace/8-2-build-macosx-x86_64/jdk8u65/4987/hotspot/src/share/vm/interpreter/interpreterRuntime.cpp, line 366]

Events (10 events):
Event: 4.064 Thread 0x00007fa762ad1800 DEOPT UNPACKING pc=0x0000000106fd0633 sp=0x0000700001ae6b70 mode 0
Event: 4.064 Thread 0x00007fa762ad0800 DEOPT PACKING pc=0x00000001073278e8 sp=0x00007000019e3e90
Event: 4.064 Thread 0x00007fa762ad0800 DEOPT UNPACKING pc=0x0000000106fd0633 sp=0x00007000019e3c90 mode 0
Event: 4.067 Thread 0x00007fa762ad0800 DEOPT PACKING pc=0x000000010735878e sp=0x00007000019e3da0
Event: 4.067 Thread 0x00007fa762ad0800 DEOPT UNPACKING pc=0x0000000106fd0633 sp=0x00007000019e3b28 mode 0
Event: 4.069 Thread 0x00007fa762975000 DEOPT PACKING pc=0x0000000107397ff4 sp=0x00007000018e1000
Event: 4.069 Thread 0x00007fa762975000 DEOPT UNPACKING pc=0x0000000106fd0633 sp=0x00007000018e0d00 mode 0
Event: 4.070 Thread 0x00007fa762ad0800 DEOPT PACKING pc=0x00000001073278e8 sp=0x00007000019e3d70
Event: 4.070 Thread 0x00007fa762ad0800 DEOPT UNPACKING pc=0x0000000106fd0633 sp=0x00007000019e3b70 mode 0
Event: 4.073 Executing VM operation: ParallelGCFailedAllocation


Dynamic libraries:
0x0000000007fc7000 	/System/Library/Frameworks/Cocoa.framework/Versions/A/Cocoa
0x0000000007fc7000 	/System/Library/Frameworks/Security.framework/Versions/A/Security
0x0000000007fc7000 	/System/Library/Frameworks/ApplicationServices.framework/Versions/A/ApplicationServices
0x0000000007fc7000 	/usr/lib/libz.1.dylib
0x0000000007fc7000 	/usr/lib/libSystem.B.dylib
0x0000000007fc7000 	/usr/lib/libobjc.A.dylib
0x0000000007fc7000 	/System/Library/Frameworks/CoreFoundation.framework/Versions/A/CoreFoundation
0x0000000007fc7000 	/System/Library/Frameworks/Foundation.framework/Versions/C/Foundation
0x0000000007fc7000 	/System/Library/Frameworks/AppKit.framework/Versions/C/AppKit
0x0000000007fc7000 	/System/Library/Frameworks/CoreData.framework/Versions/A/CoreData
0x0000000007fc7000 	/System/Library/PrivateFrameworks/RemoteViewServices.framework/Versions/A/RemoteViewServices
0x0000000007fc7000 	/System/Library/PrivateFrameworks/UIFoundation.framework/Versions/A/UIFoundation
0x0000000007fc7000 	/usr/lib/libScreenReader.dylib
0x0000000007fc7000 	/System/Library/Frameworks/Accelerate.framework/Versions/A/Accelerate
0x0000000007fc7000 	/System/Library/Frameworks/IOSurface.framework/Versions/A/IOSurface
0x0000000007fc7000 	/System/Library/Frameworks/AudioToolbox.framework/Versions/A/AudioToolbox
0x0000000007fc7000 	/System/Library/Frameworks/AudioUnit.framework/Versions/A/AudioUnit
0x0000000007fc7000 	/System/Library/PrivateFrameworks/DataDetectorsCore.framework/Versions/A/DataDetectorsCore
0x0000000007fc7000 	/System/Library/PrivateFrameworks/DesktopServicesPriv.framework/Versions/A/DesktopServicesPriv
0x0000000007fc7000 	/System/Library/Frameworks/Carbon.framework/Versions/A/Frameworks/HIToolbox.framework/Versions/A/HIToolbox
0x0000000007fc7000 	/System/Library/Frameworks/QuartzCore.framework/Versions/A/QuartzCore
0x0000000007fc7000 	/System/Library/Frameworks/Carbon.framework/Versions/A/Frameworks/SpeechRecognition.framework/Versions/A/SpeechRecognition
0x0000000007fc7000 	/usr/lib/libauto.dylib
0x0000000007fc7000 	/usr/lib/libicucore.A.dylib
0x0000000007fc7000 	/usr/lib/libxml2.2.dylib
0x0000000007fc7000 	/System/Library/PrivateFrameworks/CoreUI.framework/Versions/A/CoreUI
0x0000000007fc7000 	/System/Library/Frameworks/CoreAudio.framework/Versions/A/CoreAudio
0x0000000007fc7000 	/System/Library/Frameworks/DiskArbitration.framework/Versions/A/DiskArbitration
0x0000000007fc7000 	/usr/lib/liblangid.dylib
0x0000000007fc7000 	/System/Library/PrivateFrameworks/MultitouchSupport.framework/Versions/A/MultitouchSupport
0x0000000007fc7000 	/System/Library/Frameworks/IOKit.framework/Versions/A/IOKit
0x0000000007fc7000 	/usr/lib/libDiagnosticMessagesClient.dylib
0x0000000007fc7000 	/System/Library/Frameworks/CoreServices.framework/Versions/A/CoreServices
0x0000000007fc7000 	/System/Library/PrivateFrameworks/PerformanceAnalysis.framework/Versions/A/PerformanceAnalysis
0x0000000007fc7000 	/System/Library/PrivateFrameworks/GenerationalStorage.framework/Versions/A/GenerationalStorage
0x0000000007fc7000 	/System/Library/Frameworks/OpenGL.framework/Versions/A/OpenGL
0x0000000007fc7000 	/System/Library/PrivateFrameworks/Sharing.framework/Versions/A/Sharing
0x0000000007fc7000 	/System/Library/Frameworks/CoreGraphics.framework/Versions/A/CoreGraphics
0x0000000007fc7000 	/System/Library/Frameworks/CoreImage.framework/Versions/A/CoreImage
0x0000000007fc7000 	/System/Library/Frameworks/CoreText.framework/Versions/A/CoreText
0x0000000007fc7000 	/System/Library/Frameworks/ImageIO.framework/Versions/A/ImageIO
0x0000000007fc7000 	/System/Library/PrivateFrameworks/Backup.framework/Versions/A/Backup
0x0000000007fc7000 	/usr/lib/libextension.dylib
0x0000000007fc7000 	/usr/lib/libarchive.2.dylib
0x0000000007fc7000 	/System/Library/Frameworks/CFNetwork.framework/Versions/A/CFNetwork
0x0000000007fc7000 	/System/Library/Frameworks/SystemConfiguration.framework/Versions/A/SystemConfiguration
0x0000000007fc7000 	/usr/lib/libCRFSuite.dylib
0x0000000007fc7000 	/usr/lib/libc++.1.dylib
0x0000000007fc7000 	/usr/lib/libc++abi.dylib
0x0000000007fc7000 	/usr/lib/system/libcache.dylib
0x0000000007fc7000 	/usr/lib/system/libcommonCrypto.dylib
0x0000000007fc7000 	/usr/lib/system/libcompiler_rt.dylib
0x0000000007fc7000 	/usr/lib/system/libcopyfile.dylib
0x0000000007fc7000 	/usr/lib/system/libcorecrypto.dylib
0x0000000007fc7000 	/usr/lib/system/libdispatch.dylib
0x0000000007fc7000 	/usr/lib/system/libdyld.dylib
0x0000000007fc7000 	/usr/lib/system/libkeymgr.dylib
0x0000000007fc7000 	/usr/lib/system/liblaunch.dylib
0x0000000007fc7000 	/usr/lib/system/libmacho.dylib
0x0000000007fc7000 	/usr/lib/system/libquarantine.dylib
0x0000000007fc7000 	/usr/lib/system/libremovefile.dylib
0x0000000007fc7000 	/usr/lib/system/libsystem_asl.dylib
0x0000000007fc7000 	/usr/lib/system/libsystem_blocks.dylib
0x0000000007fc7000 	/usr/lib/system/libsystem_c.dylib
0x0000000007fc7000 	/usr/lib/system/libsystem_configuration.dylib
0x0000000007fc7000 	/usr/lib/system/libsystem_coreservices.dylib
0x0000000007fc7000 	/usr/lib/system/libsystem_coretls.dylib
0x0000000007fc7000 	/usr/lib/system/libsystem_dnssd.dylib
0x0000000007fc7000 	/usr/lib/system/libsystem_info.dylib
0x0000000007fc7000 	/usr/lib/system/libsystem_kernel.dylib
0x0000000007fc7000 	/usr/lib/system/libsystem_m.dylib
0x0000000007fc7000 	/usr/lib/system/libsystem_malloc.dylib
0x0000000007fc7000 	/usr/lib/system/libsystem_network.dylib
0x0000000007fc7000 	/usr/lib/system/libsystem_networkextension.dylib
0x0000000007fc7000 	/usr/lib/system/libsystem_notify.dylib
0x0000000007fc7000 	/usr/lib/system/libsystem_platform.dylib
0x0000000007fc7000 	/usr/lib/system/libsystem_pthread.dylib
0x0000000007fc7000 	/usr/lib/system/libsystem_sandbox.dylib
0x0000000007fc7000 	/usr/lib/system/libsystem_secinit.dylib
0x0000000007fc7000 	/usr/lib/system/libsystem_trace.dylib
0x0000000007fc7000 	/usr/lib/system/libunc.dylib
0x0000000007fc7000 	/usr/lib/system/libunwind.dylib
0x0000000007fc7000 	/usr/lib/system/libxpc.dylib
0x0000000007fc7000 	/usr/lib/libenergytrace.dylib
0x0000000007fc7000 	/usr/lib/libbsm.0.dylib
0x0000000007fc7000 	/usr/lib/system/libkxld.dylib
0x0000000007fc7000 	/usr/lib/libxar.1.dylib
0x0000000007fc7000 	/usr/lib/libsqlite3.dylib
0x0000000007fc7000 	/usr/lib/libpam.2.dylib
0x0000000007fc7000 	/usr/lib/libOpenScriptingUtil.dylib
0x0000000007fc7000 	/usr/lib/libbz2.1.0.dylib
0x0000000007fc7000 	/usr/lib/liblzma.5.dylib
0x0000000007fc7000 	/System/Library/Frameworks/CoreServices.framework/Versions/A/Frameworks/FSEvents.framework/Versions/A/FSEvents
0x0000000007fc7000 	/System/Library/Frameworks/CoreServices.framework/Versions/A/Frameworks/CarbonCore.framework/Versions/A/CarbonCore
0x0000000007fc7000 	/System/Library/Frameworks/CoreServices.framework/Versions/A/Frameworks/Metadata.framework/Versions/A/Metadata
0x0000000007fc7000 	/System/Library/Frameworks/CoreServices.framework/Versions/A/Frameworks/OSServices.framework/Versions/A/OSServices
0x0000000007fc7000 	/System/Library/Frameworks/CoreServices.framework/Versions/A/Frameworks/SearchKit.framework/Versions/A/SearchKit
0x0000000007fc7000 	/System/Library/Frameworks/CoreServices.framework/Versions/A/Frameworks/AE.framework/Versions/A/AE
0x0000000007fc7000 	/System/Library/Frameworks/CoreServices.framework/Versions/A/Frameworks/LaunchServices.framework/Versions/A/LaunchServices
0x0000000007fc7000 	/System/Library/Frameworks/CoreServices.framework/Versions/A/Frameworks/DictionaryServices.framework/Versions/A/DictionaryServices
0x0000000007fc7000 	/System/Library/Frameworks/CoreServices.framework/Versions/A/Frameworks/SharedFileList.framework/Versions/A/SharedFileList
0x0000000007fc7000 	/System/Library/Frameworks/NetFS.framework/Versions/A/NetFS
0x0000000007fc7000 	/System/Library/PrivateFrameworks/NetAuth.framework/Versions/A/NetAuth
0x0000000007fc7000 	/System/Library/PrivateFrameworks/login.framework/Versions/A/Frameworks/loginsupport.framework/Versions/A/loginsupport
0x0000000007fc7000 	/System/Library/PrivateFrameworks/TCC.framework/Versions/A/TCC
0x0000000007fc7000 	/usr/lib/libmecabra.dylib
0x0000000007fc7000 	/System/Library/Frameworks/ApplicationServices.framework/Versions/A/Frameworks/ATS.framework/Versions/A/ATS
0x0000000007fc7000 	/System/Library/Frameworks/ApplicationServices.framework/Versions/A/Frameworks/ColorSync.framework/Versions/A/ColorSync
0x0000000007fc7000 	/System/Library/Frameworks/ApplicationServices.framework/Versions/A/Frameworks/HIServices.framework/Versions/A/HIServices
0x0000000007fc7000 	/System/Library/Frameworks/ApplicationServices.framework/Versions/A/Frameworks/LangAnalysis.framework/Versions/A/LangAnalysis
0x0000000007fc7000 	/System/Library/Frameworks/ApplicationServices.framework/Versions/A/Frameworks/PrintCore.framework/Versions/A/PrintCore
0x0000000007fc7000 	/System/Library/Frameworks/ApplicationServices.framework/Versions/A/Frameworks/QD.framework/Versions/A/QD
0x0000000007fc7000 	/System/Library/Frameworks/ApplicationServices.framework/Versions/A/Frameworks/SpeechSynthesis.framework/Versions/A/SpeechSynthesis
0x0000000007fc7000 	/System/Library/Frameworks/Metal.framework/Versions/A/Metal
0x0000000007fc7000 	/System/Library/Frameworks/Accelerate.framework/Versions/A/Frameworks/vImage.framework/Versions/A/vImage
0x0000000007fc7000 	/System/Library/Frameworks/Accelerate.framework/Versions/A/Frameworks/vecLib.framework/Versions/A/vecLib
0x0000000007fc7000 	/System/Library/Frameworks/Accelerate.framework/Versions/A/Frameworks/vecLib.framework/Versions/A/libvDSP.dylib
0x0000000007fc7000 	/System/Library/Frameworks/Accelerate.framework/Versions/A/Frameworks/vecLib.framework/Versions/A/libvMisc.dylib
0x0000000007fc7000 	/System/Library/Frameworks/Accelerate.framework/Versions/A/Frameworks/vecLib.framework/Versions/A/libLAPACK.dylib
0x0000000007fc7000 	/System/Library/Frameworks/Accelerate.framework/Versions/A/Frameworks/vecLib.framework/Versions/A/libBLAS.dylib
0x0000000007fc7000 	/System/Library/Frameworks/Accelerate.framework/Versions/A/Frameworks/vecLib.framework/Versions/A/libLinearAlgebra.dylib
0x0000000007fc7000 	/System/Library/Frameworks/Accelerate.framework/Versions/A/Frameworks/vecLib.framework/Versions/A/libSparseBLAS.dylib
0x0000000007fc7000 	/System/Library/PrivateFrameworks/GPUCompiler.framework/libmetal_timestamp.dylib
0x0000000007fc7000 	/System/Library/Frameworks/OpenGL.framework/Versions/A/Libraries/libCoreFSCache.dylib
0x0000000007fc7000 	/System/Library/PrivateFrameworks/IOAccelerator.framework/Versions/A/IOAccelerator
0x0000000007fc7000 	/System/Library/Frameworks/ApplicationServices.framework/Versions/A/Frameworks/ATS.framework/Versions/A/Resources/libFontParser.dylib
0x0000000007fc7000 	/System/Library/Frameworks/ApplicationServices.framework/Versions/A/Frameworks/ATS.framework/Versions/A/Resources/libFontRegistry.dylib
0x0000000007fc7000 	/System/Library/PrivateFrameworks/AppleVPA.framework/Versions/A/AppleVPA
0x0000000007fc7000 	/System/Library/PrivateFrameworks/AppleJPEG.framework/Versions/A/AppleJPEG
0x0000000007fc7000 	/System/Library/Frameworks/ImageIO.framework/Versions/A/Resources/libJPEG.dylib
0x0000000007fc7000 	/System/Library/Frameworks/ImageIO.framework/Versions/A/Resources/libTIFF.dylib
0x0000000007fc7000 	/System/Library/Frameworks/ImageIO.framework/Versions/A/Resources/libPng.dylib
0x0000000007fc7000 	/System/Library/Frameworks/ImageIO.framework/Versions/A/Resources/libGIF.dylib
0x0000000007fc7000 	/System/Library/Frameworks/ImageIO.framework/Versions/A/Resources/libJP2.dylib
0x0000000007fc7000 	/System/Library/Frameworks/ImageIO.framework/Versions/A/Resources/libRadiance.dylib
0x0000000007fc7000 	/System/Library/Frameworks/CoreVideo.framework/Versions/A/CoreVideo
0x0000000007fc7000 	/System/Library/Frameworks/OpenGL.framework/Versions/A/Libraries/libGLU.dylib
0x0000000007fc7000 	/System/Library/Frameworks/OpenGL.framework/Versions/A/Libraries/libGFXShared.dylib
0x0000000007fc7000 	/System/Library/Frameworks/OpenGL.framework/Versions/A/Libraries/libGL.dylib
0x0000000007fc7000 	/System/Library/Frameworks/OpenGL.framework/Versions/A/Libraries/libGLImage.dylib
0x0000000007fc7000 	/System/Library/Frameworks/OpenGL.framework/Versions/A/Libraries/libCVMSPluginSupport.dylib
0x0000000007fc7000 	/System/Library/Frameworks/OpenGL.framework/Versions/A/Libraries/libCoreVMClient.dylib
0x0000000007fc7000 	/usr/lib/libcups.2.dylib
0x0000000007fc7000 	/System/Library/Frameworks/Kerberos.framework/Versions/A/Kerberos
0x0000000007fc7000 	/System/Library/Frameworks/GSS.framework/Versions/A/GSS
0x0000000007fc7000 	/usr/lib/libresolv.9.dylib
0x0000000007fc7000 	/usr/lib/libiconv.2.dylib
0x0000000007fc7000 	/System/Library/PrivateFrameworks/Heimdal.framework/Versions/A/Heimdal
0x0000000007fc7000 	/usr/lib/libheimdal-asn1.dylib
0x0000000007fc7000 	/System/Library/Frameworks/OpenDirectory.framework/Versions/A/OpenDirectory
0x0000000007fc7000 	/System/Library/PrivateFrameworks/CommonAuth.framework/Versions/A/CommonAuth
0x0000000007fc7000 	/System/Library/Frameworks/OpenDirectory.framework/Versions/A/Frameworks/CFOpenDirectory.framework/Versions/A/CFOpenDirectory
0x0000000007fc7000 	/System/Library/Frameworks/SecurityFoundation.framework/Versions/A/SecurityFoundation
0x0000000007fc7000 	/System/Library/PrivateFrameworks/LanguageModeling.framework/Versions/A/LanguageModeling
0x0000000007fc7000 	/usr/lib/libmarisa.dylib
0x0000000007fc7000 	/usr/lib/libChineseTokenizer.dylib
0x0000000007fc7000 	/usr/lib/libcmph.dylib
0x0000000007fc7000 	/usr/lib/libcompression.dylib
0x0000000007fc7000 	/System/Library/Frameworks/ServiceManagement.framework/Versions/A/ServiceManagement
0x0000000007fc7000 	/usr/lib/libxslt.1.dylib
0x0000000007fc7000 	/System/Library/Frameworks/Carbon.framework/Versions/A/Frameworks/Ink.framework/Versions/A/Ink
0x0000000007fc7000 	/usr/lib/libFosl_dynamic.dylib
0x0000000007fc7000 	/System/Library/PrivateFrameworks/FaceCore.framework/Versions/A/FaceCore
0x0000000007fc7000 	/System/Library/Frameworks/OpenCL.framework/Versions/A/OpenCL
0x0000000007fc7000 	/System/Library/PrivateFrameworks/CrashReporterSupport.framework/Versions/A/CrashReporterSupport
0x0000000007fc7000 	/System/Library/PrivateFrameworks/IconServices.framework/Versions/A/IconServices
0x0000000007fc7000 	/System/Library/PrivateFrameworks/Apple80211.framework/Versions/A/Apple80211
0x0000000007fc7000 	/System/Library/Frameworks/CoreWLAN.framework/Versions/A/CoreWLAN
0x0000000007fc7000 	/System/Library/Frameworks/IOBluetooth.framework/Versions/A/IOBluetooth
0x0000000007fc7000 	/System/Library/PrivateFrameworks/CoreWiFi.framework/Versions/A/CoreWiFi
0x0000000007fc7000 	/System/Library/Frameworks/CoreBluetooth.framework/Versions/A/CoreBluetooth
0x0000000007fc7000 	/System/Library/PrivateFrameworks/ChunkingLibrary.framework/Versions/A/ChunkingLibrary
0x0000000007fc7000 	/System/Library/PrivateFrameworks/DebugSymbols.framework/Versions/A/DebugSymbols
0x0000000007fc7000 	/System/Library/PrivateFrameworks/CoreSymbolication.framework/Versions/A/CoreSymbolication
0x0000000007fc7000 	/System/Library/PrivateFrameworks/Symbolication.framework/Versions/A/Symbolication
0x0000000007fc7000 	/System/Library/PrivateFrameworks/SpeechRecognitionCore.framework/Versions/A/SpeechRecognitionCore
0x000000004aad8000 	/System/Library/CoreServices/Encodings/libCyrillicConverter.dylib
0x0000000106000000 	/Library/Java/JavaVirtualMachines/jdk1.8.0_65.jdk/Contents/Home/jre/lib/server/libjvm.dylib
0x0000000007fc7000 	/usr/lib/libstdc++.6.dylib
0x0000000104e12000 	/Library/Java/JavaVirtualMachines/jdk1.8.0_65.jdk/Contents/Home/jre/lib/libverify.dylib
0x0000000104e20000 	/Library/Java/JavaVirtualMachines/jdk1.8.0_65.jdk/Contents/Home/jre/lib/libjava.dylib
0x0000000104e5f000 	/Library/Java/JavaVirtualMachines/jdk1.8.0_65.jdk/Contents/Home/jre/lib/libzip.dylib
0x0000000121eb5000 	/System/Library/Frameworks/JavaVM.framework/Frameworks/JavaRuntimeSupport.framework/JavaRuntimeSupport
0x0000000121ed0000 	/System/Library/Frameworks/JavaVM.framework/Versions/A/Frameworks/JavaNativeFoundation.framework/Versions/A/JavaNativeFoundation
0x0000000104ff2000 	/System/Library/Frameworks/JavaVM.framework/Versions/A/JavaVM
0x0000000007fc7000 	/System/Library/Frameworks/Carbon.framework/Versions/A/Carbon
0x0000000121ee5000 	/System/Library/PrivateFrameworks/JavaLaunching.framework/Versions/A/JavaLaunching
0x0000000007fc7000 	/System/Library/Frameworks/Carbon.framework/Versions/A/Frameworks/CommonPanels.framework/Versions/A/CommonPanels
0x0000000007fc7000 	/System/Library/Frameworks/Carbon.framework/Versions/A/Frameworks/Help.framework/Versions/A/Help
0x0000000007fc7000 	/System/Library/Frameworks/Carbon.framework/Versions/A/Frameworks/ImageCapture.framework/Versions/A/ImageCapture
0x0000000007fc7000 	/System/Library/Frameworks/Carbon.framework/Versions/A/Frameworks/OpenScripting.framework/Versions/A/OpenScripting
0x0000000007fc7000 	/System/Library/Frameworks/Carbon.framework/Versions/A/Frameworks/Print.framework/Versions/A/Print
0x0000000007fc7000 	/System/Library/Frameworks/Carbon.framework/Versions/A/Frameworks/SecurityHI.framework/Versions/A/SecurityHI

VM Arguments:
jvm_args: -Djava.awt.headless=true -Xmx4g -Dfile.encoding=UTF-8 -Duser.country=RU -Duser.language=ru -Duser.variant 
java_command: com.android.dx.command.Main --dex --num-threads=4 --multi-dex --main-dex-list /Users/vladimir/Documents/RoadSignsYandex/app/build/intermediates/multi-dex/debug/maindexlist.txt --output /Users/vladimir/Documents/RoadSignsYandex/app/build/intermediates/transforms/dex/debug/folders/1000/1f/main /Users/vladimir/Documents/RoadSignsYandex/app/build/intermediates/transforms/jarMerging/debug/jars/1/1f/combined.jar
java_class_path (initial): /Users/vladimir/Library/Android/sdk/build-tools/23.0.2/lib/dx.jar
Launcher Type: SUN_STANDARD

Environment Variables:
PATH=/usr/bin:/bin:/usr/sbin:/sbin
SHELL=/bin/bash

Signal Handlers:
SIGSEGV: [libjvm.dylib+0x5a6d31], sa_mask[0]=11111111011111110111111111111111, sa_flags=SA_ONSTACK|SA_RESTART|SA_SIGINFO
SIGBUS: [libjvm.dylib+0x5a6d31], sa_mask[0]=11111111011111110111111111111111, sa_flags=SA_RESTART|SA_SIGINFO
SIGFPE: [libjvm.dylib+0x480a40], sa_mask[0]=11111111011111110111111111111111, sa_flags=SA_RESTART|SA_SIGINFO
SIGPIPE: [libjvm.dylib+0x480a40], sa_mask[0]=11111111011111110111111111111111, sa_flags=SA_RESTART|SA_SIGINFO
SIGXFSZ: [libjvm.dylib+0x480a40], sa_mask[0]=11111111011111110111111111111111, sa_flags=SA_RESTART|SA_SIGINFO
SIGILL: [libjvm.dylib+0x480a40], sa_mask[0]=11111111011111110111111111111111, sa_flags=SA_RESTART|SA_SIGINFO
SIGUSR1: SIG_DFL, sa_mask[0]=00000000000000000000000000000000, sa_flags=none
SIGUSR2: [libjvm.dylib+0x48055e], sa_mask[0]=00100000000000000000000000000000, sa_flags=SA_RESTART|SA_SIGINFO
SIGHUP: [libjvm.dylib+0x47eb35], sa_mask[0]=11111111011111110111111111111111, sa_flags=SA_RESTART|SA_SIGINFO
SIGINT: [libjvm.dylib+0x47eb35], sa_mask[0]=11111111011111110111111111111111, sa_flags=SA_RESTART|SA_SIGINFO
SIGTERM: [libjvm.dylib+0x47eb35], sa_mask[0]=11111111011111110111111111111111, sa_flags=SA_RESTART|SA_SIGINFO
SIGQUIT: [libjvm.dylib+0x47eb35], sa_mask[0]=11111111011111110111111111111111, sa_flags=SA_RESTART|SA_SIGINFO


---------------  S Y S T E M  ---------------

OS:Bsduname:Darwin 15.0.0 Darwin Kernel Version 15.0.0: Wed Aug 26 16:57:32 PDT 2015; root:xnu-3247.1.106~1/RELEASE_X86_64 x86_64
rlimit: STACK 8192k, CORE 0k, NPROC 709, NOFILE 10240, AS infinity
load average:2.91 2.11 1.91

CPU:total 8 (4 cores per cpu, 2 threads per core) family 6 model 58 stepping 9, cmov, cx8, fxsr, mmx, sse, sse2, sse3, ssse3, sse4.1, sse4.2, popcnt, avx, aes, clmul, erms, ht, tsc, tscinvbit, tscinv

Memory: 4k page, physical 16777216k(1410212k free)

/proc/meminfo:


vm_info: Java HotSpot(TM) 64-Bit Server VM (25.65-b01) for bsd-amd64 JRE (1.8.0_65-b17), built on Oct  6 2015 15:36:46 by "java_re" with gcc 4.2.1 (Based on Apple Inc. build 5658) (LLVM build 2336.11.00)

time: Thu Oct 27 20:11:14 2016
elapsed time: 4 seconds (0d 0h 0m 4s)

